2024-12-20 19:43:58,381 - INFO - Initializing scraper for store: Milpitas with zip code: 95035
2024-12-20 19:43:58,381 - INFO - Fetching products from page 1
2024-12-20 19:43:58,638 - INFO - Successfully retrieved 16 products from page 1
2024-12-20 19:43:58,638 - INFO - Found 3 total pages to process
2024-12-20 19:43:58,638 - INFO - Processing page 1 of 3...
2024-12-20 19:43:58,638 - INFO - Fetching products from page 1
2024-12-20 19:43:58,846 - INFO - Successfully retrieved 16 products from page 1
2024-12-20 19:43:59,605 - INFO - Found available product: Long Zip Around Wallet In Signature Canvas (CW778 IMXHE)
2024-12-20 19:44:04,076 - INFO - Found available product: Long Zip Around Wallet In Signature Canvas With Stripe (CW947 SVPWH)
2024-12-20 19:44:06,033 - INFO - Found available product: Long Zip Around Wallet In Signature Canvas With Floral Print (CR966 IMOTV)
2024-12-20 19:44:09,090 - INFO - Completed processing page 1
2024-12-20 19:44:09,090 - INFO - Processing page 2 of 3...
2024-12-20 19:44:09,090 - INFO - Fetching products from page 2
2024-12-20 19:44:09,338 - INFO - Successfully retrieved 16 products from page 2
2024-12-20 19:44:19,816 - INFO - Initializing scraper for store: Milpitas with zip code: 95035
2024-12-20 19:44:19,816 - INFO - Fetching products from page 1
2024-12-20 19:44:22,599 - INFO - Successfully retrieved 16 products from page 1
2024-12-20 19:44:22,599 - INFO - Found 4 total pages to process
2024-12-20 19:44:22,599 - INFO - Processing page 1 of 4...
2024-12-20 19:44:22,599 - INFO - Fetching products from page 1
2024-12-20 19:44:23,430 - INFO - Successfully retrieved 16 products from page 1
2024-12-20 19:44:29,428 - WARNING - Store Milpitas not found in results for product CR969 IMOTV
2024-12-20 19:44:33,936 - INFO - Found available product: Cosmic Coach Snap Wallet In Signature Canvas With Rexy Print (CW463 IMTAM)
2024-12-20 19:44:38,138 - INFO - Found available product: Cosmic Coach Snap Wallet With Rocket Print (CW791 SVCAH)
2024-12-20 19:44:42,280 - INFO - Found available product: Bifold Wallet In Signature Canvas (CW803 IMXHE)
2024-12-20 19:44:47,650 - INFO - Completed processing page 1
2024-12-20 19:44:47,650 - INFO - Processing page 2 of 4...
2024-12-20 19:44:47,650 - INFO - Fetching products from page 2
2024-12-20 19:44:47,807 - INFO - Successfully retrieved 16 products from page 2
2024-12-20 19:44:53,188 - WARNING - Store Milpitas not found in results for product CW804 SVPWH
2024-12-20 19:45:02,411 - WARNING - Store Milpitas not found in results for product CM315 IMTAU
2024-12-20 19:45:09,869 - INFO - Completed processing page 2
2024-12-20 19:45:09,870 - INFO - Processing page 3 of 4...
2024-12-20 19:45:09,870 - INFO - Fetching products from page 3
2024-12-20 19:45:12,154 - INFO - Successfully retrieved 16 products from page 3
2024-12-20 19:45:16,857 - INFO - Found available product: Slim Id Card Case (CAA88 IMPIN)
2024-12-20 19:45:21,449 - INFO - Found available product: Lip Card Case (CW926 IMWQB)
2024-12-20 19:45:36,196 - INFO - Found available product: Slim Id Card Case In Signature Canvas (CH415 IMVHK)
2024-12-20 19:45:38,435 - INFO - Completed processing page 3
2024-12-20 19:45:38,435 - INFO - Processing page 4 of 4...
2024-12-20 19:45:38,435 - INFO - Fetching products from page 4
2024-12-20 19:45:38,650 - INFO - Successfully retrieved 12 products from page 4
2024-12-20 19:45:56,285 - INFO - Completed processing page 4
2024-12-20 19:45:56,285 - INFO - Scraping completed. Found 6 available products
2024-12-20 19:45:56,287 - INFO - Total available products: 6
